<?xml version="1.0" encoding="UTF-8"?>
<!-- Generated by org.testng.reporters.JUnitReportReporter -->
<testsuite hostname="InnoSTARK" failures="0" tests="1" name="com.walletHubAssignment.testCases.TC_FacebookLogin_001" time="23.004" errors="0" timestamp="2023-08-31T19:07:57 PKT" skipped="0">
  <testcase classname="com.walletHubAssignment.testCases.TC_FacebookLogin_001" name="facebookLoginTest" time="23.004"/>
</testsuite> <!-- com.walletHubAssignment.testCases.TC_FacebookLogin_001 -->
