<?xml version="1.0" encoding="UTF-8"?>
<!-- Generated by org.testng.reporters.JUnitReportReporter -->
<testsuite hostname="InnoSTARK" failures="0" tests="1" name="com.walletHubAssignment.testCases.TC_001_WH_CompanyReview" time="14.932" errors="0" timestamp="2023-09-02T02:14:08 PKT" skipped="0">
  <testcase classname="com.walletHubAssignment.testCases.TC_001_WH_CompanyReview" name="ReviewACompany" time="14.932"/>
</testsuite> <!-- com.walletHubAssignment.testCases.TC_001_WH_CompanyReview -->
